[ 2016-02-15T10:26:01+08:00 ] 127.0.0.1 /contact.html
INFO: [ app_init ] --START--
INFO: Run Behavior\BuildLiteBehavior [ RunTime:0.000296s ]
INFO: [ app_init ] --END-- [ RunTime:0.002886s ]
ERR: 无法加载模块:Contact

[ 2016-02-15T10:26:01+08:00 ] 127.0.0.1 /favicon.ico
INFO: [ app_init ] --START--
INFO: Run Behavior\BuildLiteBehavior [ RunTime:0.000310s ]
INFO: [ app_init ] --END-- [ RunTime:0.003005s ]
ERR: 无法加载模块:Favicon

[ 2016-02-15T10:26:01+08:00 ] 127.0.0.1 /favicon.ico
INFO: [ app_init ] --START--
INFO: Run Behavior\BuildLiteBehavior [ RunTime:0.000282s ]
INFO: [ app_init ] --END-- [ RunTime:0.001802s ]
ERR: 无法加载模块:Favicon

[ 2016-02-15T10:26:07+08:00 ] 127.0.0.1 /single.html
INFO: [ app_init ] --START--
INFO: Run Behavior\BuildLiteBehavior [ RunTime:0.000298s ]
INFO: [ app_init ] --END-- [ RunTime:0.002210s ]
ERR: 无法加载模块:Single

[ 2016-02-15T10:26:13+08:00 ] 127.0.0.1 /index.html
INFO: [ app_init ] --START--
INFO: Run Behavior\BuildLiteBehavior [ RunTime:0.000158s ]
INFO: [ app_init ] --END-- [ RunTime:0.001292s ]
ERR: 无法加载模块:Index

