[ 2016-03-10T12:12:26+08:00 ] 127.0.0.1 /index.html
INFO: [ app_init ] --START--
INFO: Run Behavior\BuildLiteBehavior [ RunTime:0.000147s ]
INFO: [ app_init ] --END-- [ RunTime:0.001329s ]
ERR: 无法加载模块:Index

[ 2016-03-10T12:12:26+08:00 ] 127.0.0.1 /favicon.ico
INFO: [ app_init ] --START--
INFO: Run Behavior\BuildLiteBehavior [ RunTime:0.000182s ]
INFO: [ app_init ] --END-- [ RunTime:0.001557s ]
ERR: 无法加载模块:Favicon

[ 2016-03-10T12:12:32+08:00 ] 127.0.0.1 /single.html
INFO: [ app_init ] --START--
INFO: Run Behavior\BuildLiteBehavior [ RunTime:0.000330s ]
INFO: [ app_init ] --END-- [ RunTime:0.002340s ]
ERR: 无法加载模块:Single

[ 2016-03-10T12:12:37+08:00 ] 127.0.0.1 /contact.html
INFO: [ app_init ] --START--
INFO: Run Behavior\BuildLiteBehavior [ RunTime:0.000184s ]
INFO: [ app_init ] --END-- [ RunTime:0.001267s ]
ERR: 无法加载模块:Contact

